<?xml version="1.0" encoding="UTF-8"?>
<!-- Generated by org.testng.reporters.JUnitReportReporter -->
<testsuite hostname="WDS-ICT-TEMP-LP" failures="0" tests="4" name="gradle.GeometryTest" time="0.027" errors="4" timestamp="2023-05-21T16:56:43 IST" skipped="0">
  <testcase classname="gradle.GeometryTest" name="testVolumeSphere" time="0.002">
    <error message="Unresolved compilation problems: 
	The method volumeSphere(float) in the type Geometry is not applicable for the arguments (double)
	The method volumeSphere(float) in the type Geometry is not applicable for the arguments (double)
	The method volumeSphere(float) in the type Geometry is not applicable for the arguments (double)
	The method volumeSphere(float) in the type Geometry is not applicable for the arguments (double)
" type="java.lang.Error">
      <![CDATA[java.lang.Error: Unresolved compilation problems: 
The method volumeSphere(float) in the type Geometry is not applicable for the arguments (double)
The method volumeSphere(float) in the type Geometry is not applicable for the arguments (double)
The method volumeSphere(float) in the type Geometry is not applicable for the arguments (double)
The method volumeSphere(float) in the type Geometry is not applicable for the arguments (double)

at gradle.GeometryTest.testVolumeSphere(GeometryTest.java:37)
at java.base/jdk.internal.reflect.DirectMethodHandleAccessor.invoke(DirectMethodHandleAccessor.java:104)
at java.base/java.lang.reflect.Method.invoke(Method.java:578)
at org.testng.internal.MethodInvocationHelper.invokeMethod(MethodInvocationHelper.java:133)
at org.testng.internal.TestInvoker.invokeMethod(TestInvoker.java:598)
at org.testng.internal.TestInvoker.invokeTestMethod(TestInvoker.java:173)
at org.testng.internal.MethodRunner.runInSequence(MethodRunner.java:46)
at org.testng.internal.TestInvoker$MethodInvocationAgent.invoke(TestInvoker.java:824)
at org.testng.internal.TestInvoker.invokeTestMethods(TestInvoker.java:146)
at org.testng.internal.TestMethodWorker.invokeTestMethods(TestMethodWorker.java:146)
at org.testng.internal.TestMethodWorker.run(TestMethodWorker.java:128)
at java.base/java.util.ArrayList.forEach(ArrayList.java:1511)
at org.testng.TestRunner.privateRun(TestRunner.java:794)
at org.testng.TestRunner.run(TestRunner.java:596)
at org.testng.SuiteRunner.runTest(SuiteRunner.java:377)
at org.testng.SuiteRunner.runSequentially(SuiteRunner.java:371)
at org.testng.SuiteRunner.privateRun(SuiteRunner.java:332)
at org.testng.SuiteRunner.run(SuiteRunner.java:276)
at org.testng.SuiteRunnerWorker.runSuite(SuiteRunnerWorker.java:53)
at org.testng.SuiteRunnerWorker.run(SuiteRunnerWorker.java:96)
at org.testng.TestNG.runSuitesSequentially(TestNG.java:1212)
at org.testng.TestNG.runSuitesLocally(TestNG.java:1134)
at org.testng.TestNG.runSuites(TestNG.java:1063)
at org.testng.TestNG.run(TestNG.java:1031)
at org.testng.remote.AbstractRemoteTestNG.run(AbstractRemoteTestNG.java:115)
at org.testng.remote.RemoteTestNG.initAndRun(RemoteTestNG.java:251)
at org.testng.remote.RemoteTestNG.main(RemoteTestNG.java:77)
]]>
    </error>
  </testcase> <!-- testVolumeSphere -->
  <system-out/>
  <testcase classname="gradle.GeometryTest" name="testPerimeterRect" time="0.005">
    <error message="Unresolved compilation problems: 
	The method perimeterRect(float, float) in the type Geometry is not applicable for the arguments (double, double)
	The method perimeterRect(float, float) in the type Geometry is not applicable for the arguments (double, double)
	The method perimeterRect(float, float) in the type Geometry is not applicable for the arguments (double, double)
	The method perimeterRect(float, float) in the type Geometry is not applicable for the arguments (double, double)
" type="java.lang.Error">
      <![CDATA[java.lang.Error: Unresolved compilation problems: 
The method perimeterRect(float, float) in the type Geometry is not applicable for the arguments (double, double)
The method perimeterRect(float, float) in the type Geometry is not applicable for the arguments (double, double)
The method perimeterRect(float, float) in the type Geometry is not applicable for the arguments (double, double)
The method perimeterRect(float, float) in the type Geometry is not applicable for the arguments (double, double)

at gradle.GeometryTest.testPerimeterRect(GeometryTest.java:25)
at java.base/jdk.internal.reflect.DirectMethodHandleAccessor.invoke(DirectMethodHandleAccessor.java:104)
at java.base/java.lang.reflect.Method.invoke(Method.java:578)
at org.testng.internal.MethodInvocationHelper.invokeMethod(MethodInvocationHelper.java:133)
at org.testng.internal.TestInvoker.invokeMethod(TestInvoker.java:598)
at org.testng.internal.TestInvoker.invokeTestMethod(TestInvoker.java:173)
at org.testng.internal.MethodRunner.runInSequence(MethodRunner.java:46)
at org.testng.internal.TestInvoker$MethodInvocationAgent.invoke(TestInvoker.java:824)
at org.testng.internal.TestInvoker.invokeTestMethods(TestInvoker.java:146)
at org.testng.internal.TestMethodWorker.invokeTestMethods(TestMethodWorker.java:146)
at org.testng.internal.TestMethodWorker.run(TestMethodWorker.java:128)
at java.base/java.util.ArrayList.forEach(ArrayList.java:1511)
at org.testng.TestRunner.privateRun(TestRunner.java:794)
at org.testng.TestRunner.run(TestRunner.java:596)
at org.testng.SuiteRunner.runTest(SuiteRunner.java:377)
at org.testng.SuiteRunner.runSequentially(SuiteRunner.java:371)
at org.testng.SuiteRunner.privateRun(SuiteRunner.java:332)
at org.testng.SuiteRunner.run(SuiteRunner.java:276)
at org.testng.SuiteRunnerWorker.runSuite(SuiteRunnerWorker.java:53)
at org.testng.SuiteRunnerWorker.run(SuiteRunnerWorker.java:96)
at org.testng.TestNG.runSuitesSequentially(TestNG.java:1212)
at org.testng.TestNG.runSuitesLocally(TestNG.java:1134)
at org.testng.TestNG.runSuites(TestNG.java:1063)
at org.testng.TestNG.run(TestNG.java:1031)
at org.testng.remote.AbstractRemoteTestNG.run(AbstractRemoteTestNG.java:115)
at org.testng.remote.RemoteTestNG.initAndRun(RemoteTestNG.java:251)
at org.testng.remote.RemoteTestNG.main(RemoteTestNG.java:77)
]]>
    </error>
  </testcase> <!-- testPerimeterRect -->
  <system-out/>
  <testcase classname="gradle.GeometryTest" name="testAreaRect" time="0.018">
    <error message="Unresolved compilation problems: 
	The method areaRect(float, float) in the type Geometry is not applicable for the arguments (double, double)
	The method areaRect(float, float) in the type Geometry is not applicable for the arguments (double, double)
	The method areaRect(float, float) in the type Geometry is not applicable for the arguments (double, double)
	The method areaRect(float, float) in the type Geometry is not applicable for the arguments (double, double)
" type="java.lang.Error">
      <![CDATA[java.lang.Error: Unresolved compilation problems: 
The method areaRect(float, float) in the type Geometry is not applicable for the arguments (double, double)
The method areaRect(float, float) in the type Geometry is not applicable for the arguments (double, double)
The method areaRect(float, float) in the type Geometry is not applicable for the arguments (double, double)
The method areaRect(float, float) in the type Geometry is not applicable for the arguments (double, double)

at gradle.GeometryTest.testAreaRect(GeometryTest.java:13)
at java.base/jdk.internal.reflect.DirectMethodHandleAccessor.invoke(DirectMethodHandleAccessor.java:104)
at java.base/java.lang.reflect.Method.invoke(Method.java:578)
at org.testng.internal.MethodInvocationHelper.invokeMethod(MethodInvocationHelper.java:133)
at org.testng.internal.TestInvoker.invokeMethod(TestInvoker.java:598)
at org.testng.internal.TestInvoker.invokeTestMethod(TestInvoker.java:173)
at org.testng.internal.MethodRunner.runInSequence(MethodRunner.java:46)
at org.testng.internal.TestInvoker$MethodInvocationAgent.invoke(TestInvoker.java:824)
at org.testng.internal.TestInvoker.invokeTestMethods(TestInvoker.java:146)
at org.testng.internal.TestMethodWorker.invokeTestMethods(TestMethodWorker.java:146)
at org.testng.internal.TestMethodWorker.run(TestMethodWorker.java:128)
at java.base/java.util.ArrayList.forEach(ArrayList.java:1511)
at org.testng.TestRunner.privateRun(TestRunner.java:794)
at org.testng.TestRunner.run(TestRunner.java:596)
at org.testng.SuiteRunner.runTest(SuiteRunner.java:377)
at org.testng.SuiteRunner.runSequentially(SuiteRunner.java:371)
at org.testng.SuiteRunner.privateRun(SuiteRunner.java:332)
at org.testng.SuiteRunner.run(SuiteRunner.java:276)
at org.testng.SuiteRunnerWorker.runSuite(SuiteRunnerWorker.java:53)
at org.testng.SuiteRunnerWorker.run(SuiteRunnerWorker.java:96)
at org.testng.TestNG.runSuitesSequentially(TestNG.java:1212)
at org.testng.TestNG.runSuitesLocally(TestNG.java:1134)
at org.testng.TestNG.runSuites(TestNG.java:1063)
at org.testng.TestNG.run(TestNG.java:1031)
at org.testng.remote.AbstractRemoteTestNG.run(AbstractRemoteTestNG.java:115)
at org.testng.remote.RemoteTestNG.initAndRun(RemoteTestNG.java:251)
at org.testng.remote.RemoteTestNG.main(RemoteTestNG.java:77)
]]>
    </error>
  </testcase> <!-- testAreaRect -->
  <system-out/>
  <testcase classname="gradle.GeometryTest" name="testSurfaceAreaSphere" time="0.002">
    <error message="Unresolved compilation problems: 
	The method surfaceAreaSphere(float) in the type Geometry is not applicable for the arguments (double)
	The method surfaceAreaSphere(float) in the type Geometry is not applicable for the arguments (double)
	The method surfaceAreaSphere(float) in the type Geometry is not applicable for the arguments (double)
	The method surfaceAreaSphere(float) in the type Geometry is not applicable for the arguments (double)
" type="java.lang.Error">
      <![CDATA[java.lang.Error: Unresolved compilation problems: 
The method surfaceAreaSphere(float) in the type Geometry is not applicable for the arguments (double)
The method surfaceAreaSphere(float) in the type Geometry is not applicable for the arguments (double)
The method surfaceAreaSphere(float) in the type Geometry is not applicable for the arguments (double)
The method surfaceAreaSphere(float) in the type Geometry is not applicable for the arguments (double)

at gradle.GeometryTest.testSurfaceAreaSphere(GeometryTest.java:49)
at java.base/jdk.internal.reflect.DirectMethodHandleAccessor.invoke(DirectMethodHandleAccessor.java:104)
at java.base/java.lang.reflect.Method.invoke(Method.java:578)
at org.testng.internal.MethodInvocationHelper.invokeMethod(MethodInvocationHelper.java:133)
at org.testng.internal.TestInvoker.invokeMethod(TestInvoker.java:598)
at org.testng.internal.TestInvoker.invokeTestMethod(TestInvoker.java:173)
at org.testng.internal.MethodRunner.runInSequence(MethodRunner.java:46)
at org.testng.internal.TestInvoker$MethodInvocationAgent.invoke(TestInvoker.java:824)
at org.testng.internal.TestInvoker.invokeTestMethods(TestInvoker.java:146)
at org.testng.internal.TestMethodWorker.invokeTestMethods(TestMethodWorker.java:146)
at org.testng.internal.TestMethodWorker.run(TestMethodWorker.java:128)
at java.base/java.util.ArrayList.forEach(ArrayList.java:1511)
at org.testng.TestRunner.privateRun(TestRunner.java:794)
at org.testng.TestRunner.run(TestRunner.java:596)
at org.testng.SuiteRunner.runTest(SuiteRunner.java:377)
at org.testng.SuiteRunner.runSequentially(SuiteRunner.java:371)
at org.testng.SuiteRunner.privateRun(SuiteRunner.java:332)
at org.testng.SuiteRunner.run(SuiteRunner.java:276)
at org.testng.SuiteRunnerWorker.runSuite(SuiteRunnerWorker.java:53)
at org.testng.SuiteRunnerWorker.run(SuiteRunnerWorker.java:96)
at org.testng.TestNG.runSuitesSequentially(TestNG.java:1212)
at org.testng.TestNG.runSuitesLocally(TestNG.java:1134)
at org.testng.TestNG.runSuites(TestNG.java:1063)
at org.testng.TestNG.run(TestNG.java:1031)
at org.testng.remote.AbstractRemoteTestNG.run(AbstractRemoteTestNG.java:115)
at org.testng.remote.RemoteTestNG.initAndRun(RemoteTestNG.java:251)
at org.testng.remote.RemoteTestNG.main(RemoteTestNG.java:77)
]]>
    </error>
  </testcase> <!-- testSurfaceAreaSphere -->
  <system-out/>
</testsuite> <!-- gradle.GeometryTest -->
